<?xml version="1.0" encoding="UTF-8"?>
<!-- Generated by org.testng.reporters.JUnitReportReporter -->
<testsuite hostname="LPT000381" failures="0" tests="1" name="cdsosobist.connectors.rest.ZUP3TestNGClient" time="3.854" errors="0" timestamp="2022-07-19T19:30:03 MSK" skipped="0">
  <testcase classname="cdsosobist.connectors.rest.ZUP3TestNGClient" name="testAll" time="3.854"/>
  <system-out/>
</testsuite> <!-- cdsosobist.connectors.rest.ZUP3TestNGClient -->
