<?xml version="1.0" encoding="UTF-8"?>
<!-- Generated by org.testng.reporters.JUnitReportReporter -->
<testsuite skipped="0" hostname="cds-1809016" name="cdsosobist.connectors.rest.testClient" tests="1" failures="0" timestamp="2022-02-17T20:08:06 MSK" time="29.054" errors="0">
  <testcase name="testFindAll" time="29.054" classname="cdsosobist.connectors.rest.testClient"/>
  <system-out/>
</testsuite> <!-- cdsosobist.connectors.rest.testClient -->
