<?xml version="1.0" encoding="UTF-8"?>
<!-- Generated by org.testng.reporters.JUnitReportReporter -->
<testsuite skipped="0" hostname="cds-1809016" name="cdsosobist.connectors.rest.ZUP3TestNGClient" tests="1" failures="0" timestamp="2022-06-30T17:58:51 MSK" time="0.593" errors="0">
  <testcase name="testByUid" time="0.593" classname="cdsosobist.connectors.rest.ZUP3TestNGClient"/>
  <system-out/>
</testsuite> <!-- cdsosobist.connectors.rest.ZUP3TestNGClient -->
